<?xml version="1.0" encoding="UTF-8"?>
<!-- Generated by org.testng.reporters.JUnitReportReporter -->
<testsuite hostname="Masum" failures="0" tests="2" name="com.automationexercise.testCase.AddProductsInCartTestCase" time="14.603" errors="0" timestamp="2024-10-02T15:10:36 IST" skipped="0">
  <testcase classname="com.automationexercise.testCase.AddProductsInCartTestCase" name="AddProductsInCartTestCase_02" time="12.477"/>
  <testcase classname="com.automationexercise.testCase.AddProductsInCartTestCase" name="AddProductsInCartTestCase_01" time="2.126"/>
</testsuite> <!-- com.automationexercise.testCase.AddProductsInCartTestCase -->
