<?xml version="1.0" encoding="UTF-8"?>
<!-- Generated by org.testng.reporters.JUnitReportReporter -->
<testsuite hostname="Masum" failures="0" tests="2" name="com.automationexercise.testCase.AddProductsInCartTestCase" time="12.576" errors="0" timestamp="2024-10-02T13:03:35 IST" skipped="1">
  <testcase classname="com.automationexercise.testCase.AddProductsInCartTestCase" name="AddProductsInCartTestCase_02" time="12.576"/>
  <testcase classname="com.automationexercise.testCase.AddProductsInCartTestCase" name="AddProductsInCartTestCase_01">
    <skipped/>
  </testcase> <!-- AddProductsInCartTestCase_01 -->
</testsuite> <!-- com.automationexercise.testCase.AddProductsInCartTestCase -->
